<?xml version="1.0" encoding="UTF-8"?>
<!-- Generated by org.testng.reporters.JUnitXMLReporter -->
<testsuite ignored="4" hostname="DESKTOP-0EJ8PRH" failures="0" tests="2" name="Test" time="0.098" errors="0" timestamp="2024-03-15T12:38:48 IST">
  <testcase classname="day18.Child1" name="childTest1" time="0.013"/>
  <testcase classname="day18.Child2" name="childTest2" time="0.002"/>
  <testcase classname="day18.Parent" name="@AfterSuite afterSuite" time="0.0">
    <ignored/>
  </testcase> <!-- @AfterSuite afterSuite -->
  <testcase classname="day18.Parent" name="@BeforeSuite beforeSuite" time="0.0">
    <ignored/>
  </testcase> <!-- @BeforeSuite beforeSuite -->
  <testcase classname="day18.Parent" name="@AfterTest afterTest" time="0.0">
    <ignored/>
  </testcase> <!-- @AfterTest afterTest -->
  <testcase classname="day18.Parent" name="@BeforeTest beforeTest" time="0.0">
    <ignored/>
  </testcase> <!-- @BeforeTest beforeTest -->
</testsuite> <!-- Test -->
