<?xml version="1.0" encoding="UTF-8"?>
<!-- Generated by org.testng.reporters.JUnitXMLReporter -->
<testsuite ignored="8" hostname="DESKTOP-0EJ8PRH" failures="0" tests="27" name="Test" time="0.119" errors="0" timestamp="2024-03-15T12:59:34 IST">
  <testcase classname="day17b.Demo1" name="mytest1" time="0.001"/>
  <testcase classname="day17b.Demo2" name="registerUser" time="0.003"/>
  <testcase classname="day17b.Demo2" name="editeUser" time="0.003"/>
  <testcase classname="day17b.Demo2" name="deleteUser" time="0.001"/>
  <testcase classname="day18.Child1" name="childTest1" time="0.001"/>
  <testcase classname="day18.Child2" name="childTest2a" time="0.003"/>
  <testcase classname="day18.Child2" name="childTest2b" time="0.003"/>
  <testcase classname="day18.Demo1" name="test1" time="0.001"/>
  <testcase classname="day18.Demo2" name="test1" time="0.003"/>
  <testcase classname="day18.Demo2" name="test1" time="0.001"/>
  <testcase classname="day18.Demo2" name="test1" time="0.001"/>
  <testcase classname="day18.Demo3" name="test1" time="0.001"/>
  <testcase classname="day18.Demo3" name="test1" time="0.001"/>
  <testcase classname="day18.Demo3" name="test1" time="0.005"/>
  <testcase classname="day18.Demo4" name="test1" time="0.002"/>
  <testcase classname="day18.Demo4" name="test1" time="0.002"/>
  <testcase classname="day18.Demo4" name="test1" time="0.001"/>
  <testcase classname="day18.Demo5" name="test1" time="0.001"/>
  <testcase classname="day18.Demo5" name="test1" time="0.001"/>
  <testcase classname="day18.Demo5" name="test1" time="0.001"/>
  <testcase classname="day18.Demo6" name="test1" time="0.004"/>
  <testcase classname="day18.Demo6" name="test1" time="0.001"/>
  <testcase classname="day18.Demo6" name="test1" time="0.002"/>
  <testcase classname="day18.Demo7" name="deleteUser" time="0.002"/>
  <testcase classname="day18.Demo7" name="createUser" time="0.001"/>
  <testcase classname="day18.Demo8" name="deleteUser" time="0.001"/>
  <testcase classname="day18.Demo8" name="createUser" time="0.001"/>
  <testcase classname="day18.Parent" name="@AfterSuite afterSuite" time="0.0">
    <ignored/>
  </testcase> <!-- @AfterSuite afterSuite -->
  <testcase classname="day18.Parent" name="@AfterSuite afterSuite" time="0.0">
    <ignored/>
  </testcase> <!-- @AfterSuite afterSuite -->
  <testcase classname="day18.Parent" name="@BeforeSuite beforeSuite" time="0.0">
    <ignored/>
  </testcase> <!-- @BeforeSuite beforeSuite -->
  <testcase classname="day18.Parent" name="@BeforeSuite beforeSuite" time="0.0">
    <ignored/>
  </testcase> <!-- @BeforeSuite beforeSuite -->
  <testcase classname="day18.Parent" name="@AfterTest afterTest" time="0.0">
    <ignored/>
  </testcase> <!-- @AfterTest afterTest -->
  <testcase classname="day18.Parent" name="@AfterTest afterTest" time="0.0">
    <ignored/>
  </testcase> <!-- @AfterTest afterTest -->
  <testcase classname="day18.Parent" name="@BeforeTest beforeTest" time="0.0">
    <ignored/>
  </testcase> <!-- @BeforeTest beforeTest -->
  <testcase classname="day18.Parent" name="@BeforeTest beforeTest" time="0.0">
    <ignored/>
  </testcase> <!-- @BeforeTest beforeTest -->
</testsuite> <!-- Test -->
