<?xml version="1.0" encoding="UTF-8"?>
<!-- Generated by org.testng.reporters.JUnitXMLReporter -->
<testsuite ignored="2" hostname="DESKTOP-0EJ8PRH" failures="0" tests="1" name="Default test" time="0.058" errors="0" timestamp="2024-03-14T12:50:13 IST">
  <testcase classname="day17b.Demo2" name="deleteUser" time="0.02"/>
  <testcase classname="day17b.Demo2" name="registerUser" time="0.0">
    <ignored/>
  </testcase> <!-- registerUser -->
  <testcase classname="day17b.Demo2" name="editeUser" time="0.0">
    <ignored/>
  </testcase> <!-- editeUser -->
</testsuite> <!-- Default test -->
