<?xml version="1.0" encoding="UTF-8"?>
<!-- Generated by org.testng.reporters.JUnitXMLReporter -->
<testsuite ignored="0" hostname="DESKTOP-0EJ8PRH" failures="0" tests="7" name="Test" time="0.106" errors="0" timestamp="2024-03-15T12:59:34 IST">
  <testcase classname="day18.Demo3" name="test1" time="0.016"/>
  <testcase classname="day18.Demo3" name="test1" time="0.003"/>
  <testcase classname="day18.Demo3" name="test1" time="0.002"/>
  <testcase classname="day18.Demo1" name="test1" time="0.003"/>
  <testcase classname="day18.Demo6" name="test1" time="0.006"/>
  <testcase classname="day18.Demo6" name="test1" time="0.001"/>
  <testcase classname="day18.Demo6" name="test1" time="0.002"/>
</testsuite> <!-- Test -->
