<?xml version="1.0" encoding="UTF-8"?>
<testng-results ignored="2" total="3" passed="1" failed="0" skipped="0">
  <reporter-output>
    <line>
      <![CDATA[delete user]]>
    </line>
  </reporter-output>
  <suite started-at="2024-03-14T12:50:13 IST" name="Default suite" finished-at="2024-03-14T12:50:13 IST" duration-ms="58">
    <groups>
    </groups>
    <test started-at="2024-03-14T12:50:13 IST" name="Default test" finished-at="2024-03-14T12:50:13 IST" duration-ms="58">
      <class name="day17b.Demo2">
        <test-method signature="deleteUser()[pri:3, instance:day17b.Demo2@6fe7aac8]" started-at="2024-03-14T12:50:13 IST" name="deleteUser" finished-at="2024-03-14T12:50:13 IST" duration-ms="20" status="PASS">
          <reporter-output>
            <line>
              <![CDATA[delete user]]>
            </line>
          </reporter-output>
        </test-method> <!-- deleteUser -->
      </class> <!-- day17b.Demo2 -->
    </test> <!-- Default test -->
  </suite> <!-- Default suite -->
</testng-results>
